node.exe : node:internal/mo
dules/cjs/loader:1225
At C:\Program 
Files\nodejs\npx.ps1:29 
char:3
+   & $NODE_EXE 
$NPX_CLI_JS $args
+   ~~~~~~~~~~~~~~~~~~~~~~~
~~~~~~
    + CategoryInfo         
     : NotSpecifi    ed: 
(node:internal    
/modules/cjs/loade    
r:1225:String) [],     
RemoteException
    + FullyQualifiedEr    
rorId : NativeComm    
andError
 
  const err = new 
Error(message);
              ^

Error: Cannot find module 
'.prisma/client/default'
Require stack:
- C:\Users\ASUS\Documents\B
elajar\PortoWeb\Huzaif-Ahme
d-Portfolio-Ninth\node_modu
les\@prisma\client\default.
js
- C:\Users\ASUS\Documents\B
elajar\PortoWeb\Huzaif-Ahme
d-Portfolio-Ninth\scripts\s
eed.ts
    at node:internal/module
s/cjs/loader:1225:15
    at nextResolveSimple (C
:\Users\ASUS\Documents\Bela
jar\PortoWeb\Huzaif-Ahmed-P
ortfolio-Ninth\node_modules
\tsx\dist\register-D46fvsV_
.cjs:4:1004)
    at C:\Users\ASUS\Docume
nts\Belajar\PortoWeb\Huzaif
-Ahmed-Portfolio-Ninth\node
_modules\tsx\dist\register-
D46fvsV_.cjs:3:2630
    at C:\Users\ASUS\Docume
nts\Belajar\PortoWeb\Huzaif
-Ahmed-Portfolio-Ninth\node
_modules\tsx\dist\register-
D46fvsV_.cjs:3:1542
    at resolveTsPaths (C:\U
sers\ASUS\Documents\Belajar
\PortoWeb\Huzaif-Ahmed-Port
folio-Ninth\node_modules\ts
x\dist\register-D46fvsV_.cj
s:4:760)
    at C:\Users\ASUS\Docume
nts\Belajar\PortoWeb\Huzaif
-Ahmed-Portfolio-Ninth\node
_modules\tsx\dist\register-
D46fvsV_.cjs:4:1102
    at m._resolveFilename (
file:///C:/Users/ASUS/Docum
ents/Belajar/PortoWeb/Huzai
f-Ahmed-Portfolio-Ninth/nod
e_modules/tsx/dist/register
-B7jrtLTO.mjs:1:789)
    at Function._load (node
:internal/modules/cjs/loade
r:1055:27)
    at 
TracingChannel.traceSync (n
ode:diagnostics_channel:322
:14)
    at wrapModuleLoad (node
:internal/modules/cjs/loade
r:220:24) {
  code: 'MODULE_NOT_FOUND',
  requireStack: [
    'C:\\Users\\ASUS\\Docum
ents\\Belajar\\PortoWeb\\Hu
zaif-Ahmed-Portfolio-Ninth\
\node_modules\\@prisma\\cli
ent\\default.js',
    'C:\\Users\\ASUS\\Docum
ents\\Belajar\\PortoWeb\\Hu
zaif-Ahmed-Portfolio-Ninth\
\scripts\\seed.ts'
  ]
}

Node.js v22.14.0
